[debug] [2026-01-31T15:17:46.300Z] Object "/apphosting" in "firebase.json" is missing required property: {"missingProperty":"ignore"}
[debug] [2026-01-31T15:17:46.305Z] Field "/apphosting" in "firebase.json" is possibly invalid: must be array
[debug] [2026-01-31T15:17:46.306Z] Field "/apphosting" in "firebase.json" is possibly invalid: must match a schema in anyOf
[error] Failed to fetch Firebase Project from Studio Workspace because WORKSPACE_SLUG environment variable is empty
[debug] [2026-01-31T15:17:46.323Z] Object "/apphosting" in "firebase.json" is missing required property: {"missingProperty":"ignore"}
[debug] [2026-01-31T15:17:46.324Z] Field "/apphosting" in "firebase.json" is possibly invalid: must be array
[debug] [2026-01-31T15:17:46.324Z] Field "/apphosting" in "firebase.json" is possibly invalid: must match a schema in anyOf
[error] Failed to fetch Firebase Project from Studio Workspace because WORKSPACE_SLUG environment variable is empty
[debug] [2026-01-31T15:17:46.332Z] Object "/apphosting" in "firebase.json" is missing required property: {"missingProperty":"ignore"}
[debug] [2026-01-31T15:17:46.332Z] Field "/apphosting" in "firebase.json" is possibly invalid: must be array
[debug] [2026-01-31T15:17:46.333Z] Field "/apphosting" in "firebase.json" is possibly invalid: must match a schema in anyOf
[error] Failed to fetch Firebase Project from Studio Workspace because WORKSPACE_SLUG environment variable is empty
[debug] [2026-01-31T15:17:46.335Z] Object "/apphosting" in "firebase.json" is missing required property: {"missingProperty":"ignore"}
[debug] [2026-01-31T15:17:46.335Z] Field "/apphosting" in "firebase.json" is possibly invalid: must be array
[debug] [2026-01-31T15:17:46.336Z] Field "/apphosting" in "firebase.json" is possibly invalid: must match a schema in anyOf
[error] Failed to fetch Firebase Project from Studio Workspace because WORKSPACE_SLUG environment variable is empty
[debug] [2026-01-31T15:17:46.338Z] > command requires scopes: ["email","openid","https://www.googleapis.com/auth/cloudplatformprojects.readonly","https://www.googleapis.com/auth/firebase","https://www.googleapis.com/auth/cloud-platform","https://www.googleapis.com/auth/userinfo.email"]
[debug] [2026-01-31T15:17:46.341Z] > command requires scopes: ["email","openid","https://www.googleapis.com/auth/cloudplatformprojects.readonly","https://www.googleapis.com/auth/firebase","https://www.googleapis.com/auth/cloud-platform","https://www.googleapis.com/auth/userinfo.email"]
[debug] [2026-01-31T15:17:48.532Z] No OAuth tokens found
[debug] [2026-01-31T15:17:48.534Z] No OAuth tokens found
[debug] [2026-01-31T15:17:48.534Z] > command requires scopes: ["email","openid","https://www.googleapis.com/auth/cloudplatformprojects.readonly","https://www.googleapis.com/auth/firebase","https://www.googleapis.com/auth/cloud-platform","https://www.googleapis.com/auth/userinfo.email"]
[debug] [2026-01-31T15:17:48.535Z] No OAuth tokens found
[debug] [2026-01-31T15:17:48.535Z] No OAuth tokens found
[debug] [2026-01-31T15:17:48.535Z] > command requires scopes: ["email","openid","https://www.googleapis.com/auth/cloudplatformprojects.readonly","https://www.googleapis.com/auth/firebase","https://www.googleapis.com/auth/cloud-platform","https://www.googleapis.com/auth/userinfo.email"]
[debug] [2026-01-31T15:24:00.674Z] Object "/apphosting" in "firebase.json" is missing required property: {"missingProperty":"ignore"}
[debug] [2026-01-31T15:24:00.682Z] Field "/apphosting" in "firebase.json" is possibly invalid: must be array
[debug] [2026-01-31T15:24:00.683Z] Field "/apphosting" in "firebase.json" is possibly invalid: must match a schema in anyOf
[error] Failed to fetch Firebase Project from Studio Workspace because WORKSPACE_SLUG environment variable is empty
[debug] [2026-01-31T15:24:00.710Z] Object "/apphosting" in "firebase.json" is missing required property: {"missingProperty":"ignore"}
[debug] [2026-01-31T15:24:00.711Z] Field "/apphosting" in "firebase.json" is possibly invalid: must be array
[debug] [2026-01-31T15:24:00.711Z] Field "/apphosting" in "firebase.json" is possibly invalid: must match a schema in anyOf
[error] Failed to fetch Firebase Project from Studio Workspace because WORKSPACE_SLUG environment variable is empty
[debug] [2026-01-31T15:24:00.716Z] Object "/apphosting" in "firebase.json" is missing required property: {"missingProperty":"ignore"}
[debug] [2026-01-31T15:24:00.716Z] Field "/apphosting" in "firebase.json" is possibly invalid: must be array
[debug] [2026-01-31T15:24:00.717Z] Field "/apphosting" in "firebase.json" is possibly invalid: must match a schema in anyOf
[error] Failed to fetch Firebase Project from Studio Workspace because WORKSPACE_SLUG environment variable is empty
[debug] [2026-01-31T15:24:00.721Z] Object "/apphosting" in "firebase.json" is missing required property: {"missingProperty":"ignore"}
[debug] [2026-01-31T15:24:00.721Z] Field "/apphosting" in "firebase.json" is possibly invalid: must be array
[debug] [2026-01-31T15:24:00.722Z] Field "/apphosting" in "firebase.json" is possibly invalid: must match a schema in anyOf
[error] Failed to fetch Firebase Project from Studio Workspace because WORKSPACE_SLUG environment variable is empty
[debug] [2026-01-31T15:24:00.725Z] > command requires scopes: ["email","openid","https://www.googleapis.com/auth/cloudplatformprojects.readonly","https://www.googleapis.com/auth/firebase","https://www.googleapis.com/auth/cloud-platform","https://www.googleapis.com/auth/userinfo.email"]
[debug] [2026-01-31T15:24:00.727Z] > command requires scopes: ["email","openid","https://www.googleapis.com/auth/cloudplatformprojects.readonly","https://www.googleapis.com/auth/firebase","https://www.googleapis.com/auth/cloud-platform","https://www.googleapis.com/auth/userinfo.email"]
[debug] [2026-01-31T15:24:05.150Z] No OAuth tokens found
[debug] [2026-01-31T15:24:05.153Z] No OAuth tokens found
[debug] [2026-01-31T15:24:05.154Z] > command requires scopes: ["email","openid","https://www.googleapis.com/auth/cloudplatformprojects.readonly","https://www.googleapis.com/auth/firebase","https://www.googleapis.com/auth/cloud-platform","https://www.googleapis.com/auth/userinfo.email"]
[debug] [2026-01-31T15:24:05.154Z] No OAuth tokens found
[debug] [2026-01-31T15:24:05.154Z] No OAuth tokens found
[debug] [2026-01-31T15:24:05.156Z] > command requires scopes: ["email","openid","https://www.googleapis.com/auth/cloudplatformprojects.readonly","https://www.googleapis.com/auth/firebase","https://www.googleapis.com/auth/cloud-platform","https://www.googleapis.com/auth/userinfo.email"]
[debug] [2026-01-31T15:28:02.547Z] Object "/apphosting" in "firebase.json" is missing required property: {"missingProperty":"ignore"}
[debug] [2026-01-31T15:28:02.554Z] Field "/apphosting" in "firebase.json" is possibly invalid: must be array
[debug] [2026-01-31T15:28:02.555Z] Field "/apphosting" in "firebase.json" is possibly invalid: must match a schema in anyOf
[error] Failed to fetch Firebase Project from Studio Workspace because WORKSPACE_SLUG environment variable is empty
[debug] [2026-01-31T15:28:02.569Z] Object "/apphosting" in "firebase.json" is missing required property: {"missingProperty":"ignore"}
[debug] [2026-01-31T15:28:02.571Z] Field "/apphosting" in "firebase.json" is possibly invalid: must be array
[debug] [2026-01-31T15:28:02.571Z] Field "/apphosting" in "firebase.json" is possibly invalid: must match a schema in anyOf
[error] Failed to fetch Firebase Project from Studio Workspace because WORKSPACE_SLUG environment variable is empty
[debug] [2026-01-31T15:28:02.576Z] Object "/apphosting" in "firebase.json" is missing required property: {"missingProperty":"ignore"}
[debug] [2026-01-31T15:28:02.577Z] Field "/apphosting" in "firebase.json" is possibly invalid: must be array
[debug] [2026-01-31T15:28:02.577Z] Field "/apphosting" in "firebase.json" is possibly invalid: must match a schema in anyOf
[error] Failed to fetch Firebase Project from Studio Workspace because WORKSPACE_SLUG environment variable is empty
[debug] [2026-01-31T15:28:02.579Z] Object "/apphosting" in "firebase.json" is missing required property: {"missingProperty":"ignore"}
[debug] [2026-01-31T15:28:02.580Z] Field "/apphosting" in "firebase.json" is possibly invalid: must be array
[debug] [2026-01-31T15:28:02.581Z] Field "/apphosting" in "firebase.json" is possibly invalid: must match a schema in anyOf
[error] Failed to fetch Firebase Project from Studio Workspace because WORKSPACE_SLUG environment variable is empty
[debug] [2026-01-31T15:28:02.582Z] > command requires scopes: ["email","openid","https://www.googleapis.com/auth/cloudplatformprojects.readonly","https://www.googleapis.com/auth/firebase","https://www.googleapis.com/auth/cloud-platform","https://www.googleapis.com/auth/userinfo.email"]
[debug] [2026-01-31T15:28:02.584Z] > command requires scopes: ["email","openid","https://www.googleapis.com/auth/cloudplatformprojects.readonly","https://www.googleapis.com/auth/firebase","https://www.googleapis.com/auth/cloud-platform","https://www.googleapis.com/auth/userinfo.email"]
[debug] [2026-01-31T15:28:08.568Z] Object "/apphosting" in "firebase.json" is missing required property: {"missingProperty":"ignore"}
[debug] [2026-01-31T15:28:08.569Z] Field "/apphosting" in "firebase.json" is possibly invalid: must be array
[debug] [2026-01-31T15:28:08.569Z] Field "/apphosting" in "firebase.json" is possibly invalid: must match a schema in anyOf
[error] Failed to fetch Firebase Project from Studio Workspace because WORKSPACE_SLUG environment variable is empty
[debug] [2026-01-31T15:28:08.575Z] Object "/apphosting" in "firebase.json" is missing required property: {"missingProperty":"ignore"}
[debug] [2026-01-31T15:28:08.575Z] Field "/apphosting" in "firebase.json" is possibly invalid: must be array
[debug] [2026-01-31T15:28:08.575Z] Field "/apphosting" in "firebase.json" is possibly invalid: must match a schema in anyOf
[error] Failed to fetch Firebase Project from Studio Workspace because WORKSPACE_SLUG environment variable is empty
[debug] [2026-01-31T15:28:08.578Z] > command requires scopes: ["email","openid","https://www.googleapis.com/auth/cloudplatformprojects.readonly","https://www.googleapis.com/auth/firebase","https://www.googleapis.com/auth/cloud-platform","https://www.googleapis.com/auth/userinfo.email"]
[debug] [2026-01-31T15:28:08.585Z] Object "/apphosting" in "firebase.json" is missing required property: {"missingProperty":"ignore"}
[debug] [2026-01-31T15:28:08.585Z] Field "/apphosting" in "firebase.json" is possibly invalid: must be array
[debug] [2026-01-31T15:28:08.585Z] Field "/apphosting" in "firebase.json" is possibly invalid: must match a schema in anyOf
[error] Failed to fetch Firebase Project from Studio Workspace because WORKSPACE_SLUG environment variable is empty
[debug] [2026-01-31T15:28:08.593Z] Object "/apphosting" in "firebase.json" is missing required property: {"missingProperty":"ignore"}
[debug] [2026-01-31T15:28:08.594Z] Field "/apphosting" in "firebase.json" is possibly invalid: must be array
[debug] [2026-01-31T15:28:08.596Z] Field "/apphosting" in "firebase.json" is possibly invalid: must match a schema in anyOf
[error] Failed to fetch Firebase Project from Studio Workspace because WORKSPACE_SLUG environment variable is empty
[debug] [2026-01-31T15:28:08.597Z] > command requires scopes: ["email","openid","https://www.googleapis.com/auth/cloudplatformprojects.readonly","https://www.googleapis.com/auth/firebase","https://www.googleapis.com/auth/cloud-platform","https://www.googleapis.com/auth/userinfo.email"]
[debug] [2026-01-31T15:28:13.797Z] No OAuth tokens found
[debug] [2026-01-31T15:28:13.797Z] No OAuth tokens found
[debug] [2026-01-31T15:28:13.797Z] > command requires scopes: ["email","openid","https://www.googleapis.com/auth/cloudplatformprojects.readonly","https://www.googleapis.com/auth/firebase","https://www.googleapis.com/auth/cloud-platform","https://www.googleapis.com/auth/userinfo.email"]
[debug] [2026-01-31T15:28:13.798Z] No OAuth tokens found
[debug] [2026-01-31T15:28:13.798Z] No OAuth tokens found
[debug] [2026-01-31T15:28:13.798Z] > command requires scopes: ["email","openid","https://www.googleapis.com/auth/cloudplatformprojects.readonly","https://www.googleapis.com/auth/firebase","https://www.googleapis.com/auth/cloud-platform","https://www.googleapis.com/auth/userinfo.email"]
[debug] [2026-01-31T15:28:13.799Z] No OAuth tokens found
[debug] [2026-01-31T15:28:13.799Z] No OAuth tokens found
[debug] [2026-01-31T15:28:13.799Z] > command requires scopes: ["email","openid","https://www.googleapis.com/auth/cloudplatformprojects.readonly","https://www.googleapis.com/auth/firebase","https://www.googleapis.com/auth/cloud-platform","https://www.googleapis.com/auth/userinfo.email"]
[debug] [2026-01-31T15:28:13.800Z] No OAuth tokens found
[debug] [2026-01-31T15:28:13.800Z] No OAuth tokens found
[debug] [2026-01-31T15:28:13.800Z] > command requires scopes: ["email","openid","https://www.googleapis.com/auth/cloudplatformprojects.readonly","https://www.googleapis.com/auth/firebase","https://www.googleapis.com/auth/cloud-platform","https://www.googleapis.com/auth/userinfo.email"]
